Error: 31/05/2016 [08:18:37] - No such file or directory: "/nfs/2015/s/scollon/Library/Containers/com.apple.appstore.PluginXPCService/Data/Documents/iChats"
Error: 31/05/2016 [08:18:37] - No such file or directory: "/nfs/2015/s/scollon/Library/Containers/com.apple.appstore.PluginXPCService/Data/Library/KeyBindings"
Error: 31/05/2016 [08:18:38] - No such file or directory: "/nfs/2015/s/scollon/Library/Containers/com.apple.appstore.PluginXPCService/Data/Library/Input Methods"
Error: 31/05/2016 [08:18:38] - No such file or directory: "/nfs/2015/s/scollon/Library/Containers/com.apple.appstore.PluginXPCService/Data/Library/Images/People"
Error: 31/05/2016 [08:18:38] - No such file or directory: "/nfs/2015/s/scollon/Library/Containers/com.apple.appstore.PluginXPCService/Data/Library/ColorPickers"
Error: 31/05/2016 [08:18:38] - No such file or directory: "/nfs/2015/s/scollon/Library/Containers/com.apple.appstore.PluginXPCService/Data/Library/Application Support/iCloud"
Error: 31/05/2016 [08:18:38] - No such file or directory: "/nfs/2015/s/scollon/Library/Containers/com.apple.appstore.PluginXPCService/Data/Library/Application Support/SyncServices"
Error: 31/05/2016 [08:18:38] - No such file or directory: "/nfs/2015/s/scollon/Library/Containers/com.apple.appstore.PluginXPCService/Data/Library/Fonts"
Error: 31/05/2016 [08:18:38] - No such file or directory: "/nfs/2015/s/scollon/Library/Containers/com.apple.appstore.PluginXPCService/Data/Library/Compositions"
Error: 31/05/2016 [08:18:39] - No such file or directory: "/nfs/2015/s/scollon/Library/Containers/com.apple.appstore.PluginXPCService/Data/Library/Components"
Error: 31/05/2016 [08:18:39] - No such file or directory: "/nfs/2015/s/scollon/Library/Containers/com.apple.appstore.PluginXPCService/Data/Library/Application Scripts/com.apple.appstore.PluginXPCService"
Error: 31/05/2016 [08:18:39] - No such file or directory: "/nfs/2015/s/scollon/Library/Containers/com.apple.appstore.PluginXPCService/Data/Library/Preferences/pbs.plist"
Error: 31/05/2016 [08:18:39] - No such file or directory: "/nfs/2015/s/scollon/Library/Containers/com.apple.appstore.PluginXPCService/Data/Library/Preferences/com.apple.LaunchServices.plist"
Error: 31/05/2016 [08:18:39] - No such file or directory: "/nfs/2015/s/scollon/Library/Containers/com.apple.appstore.PluginXPCService/Data/Library/Preferences/com.apple.coremedia.plist"
Error: 31/05/2016 [08:18:39] - No such file or directory: "/nfs/2015/s/scollon/Library/Containers/com.apple.appstore.PluginXPCService/Data/Library/Preferences/com.apple.corevideo.plist"
Error: 31/05/2016 [08:18:40] - No such file or directory: "/nfs/2015/s/scollon/Library/Containers/com.apple.appstore.PluginXPCService/Data/Library/Preferences/com.apple.security_common.plist"
Error: 31/05/2016 [08:18:40] - No such file or directory: "/nfs/2015/s/scollon/Library/Containers/com.apple.appstore.PluginXPCService/Data/Library/Preferences/com.nvidia.OpenGL.plist"
Error: 31/05/2016 [08:18:40] - No such file or directory: "/nfs/2015/s/scollon/Library/Containers/com.apple.appstore.PluginXPCService/Data/Library/Preferences/com.apple.speech.synthesis.general.prefs.plist"
Error: 31/05/2016 [08:18:40] - No such file or directory: "/nfs/2015/s/scollon/Library/Containers/com.apple.appstore.PluginXPCService/Data/Library/Preferences/com.apple.cmio.plist"
Error: 31/05/2016 [08:18:40] - No such file or directory: "/nfs/2015/s/scollon/Library/Containers/com.apple.appstore.PluginXPCService/Data/Library/Preferences/com.apple.opengl.plist"
Error: 31/05/2016 [08:18:41] - No such file or directory: "/nfs/2015/s/scollon/Library/Containers/com.apple.appstore.PluginXPCService/Data/Library/Preferences/com.apple.inputmethodkit.plist"
Error: 31/05/2016 [08:18:41] - No such file or directory: "/nfs/2015/s/scollon/Library/Containers/com.apple.appstore.PluginXPCService/Data/Library/Preferences/com.apple.appstore.PluginXPCService.LSSharedFileList.plist"
Error: 31/05/2016 [08:18:41] - No such file or directory: "/nfs/2015/s/scollon/Library/Containers/com.apple.appstore.PluginXPCService/Data/Library/Preferences/com.apple.security.plist"
Error: 31/05/2016 [08:18:41] - No such file or directory: "/nfs/2015/s/scollon/Library/Containers/com.apple.appstore.PluginXPCService/Data/Library/Preferences/com.apple.avfoundation.plist"
Error: 31/05/2016 [08:18:41] - No such file or directory: "/nfs/2015/s/scollon/Library/Containers/com.apple.appstore.PluginXPCService/Data/Library/Preferences/com.apple.coremediaio.support.plist"
Error: 31/05/2016 [08:18:42] - No such file or directory: "/nfs/2015/s/scollon/Library/Containers/com.apple.appstore.PluginXPCService/Data/Library/Preferences/com.apple.MultitouchSupport.plist"
Error: 31/05/2016 [08:18:42] - No such file or directory: "/nfs/2015/s/scollon/Library/Containers/com.apple.appstore.PluginXPCService/Data/Library/Keyboard Layouts"
Error: 31/05/2016 [08:18:42] - No such file or directory: "/nfs/2015/s/scollon/Library/Containers/com.apple.appstore.PluginXPCService/Data/Library/Sounds"
Error: 31/05/2016 [08:18:42] - No such file or directory: "/nfs/2015/s/scollon/Library/Containers/com.apple.appstore.PluginXPCService/Data/Library/QuickLook"
Error: 31/05/2016 [08:18:42] - No such file or directory: "/nfs/2015/s/scollon/Library/Containers/com.apple.appstore.PluginXPCService/Data/Library/Favorites"
Error: 31/05/2016 [08:18:42] - No such file or directory: "/nfs/2015/s/scollon/Library/Containers/com.apple.DataDetectorsDynamicData/Data/Documents/iChats"
Error: 31/05/2016 [08:18:43] - No such file or directory: "/nfs/2015/s/scollon/Library/Containers/com.apple.DataDetectorsDynamicData/Data/Library/KeyBindings"
Error: 31/05/2016 [08:18:43] - No such file or directory: "/nfs/2015/s/scollon/Library/Containers/com.apple.DataDetectorsDynamicData/Data/Library/Input Methods"
Error: 31/05/2016 [08:18:43] - No such file or directory: "/nfs/2015/s/scollon/Library/Containers/com.apple.DataDetectorsDynamicData/Data/Library/Images/People"
Error: 31/05/2016 [08:18:43] - No such file or directory: "/nfs/2015/s/scollon/Library/Containers/com.apple.DataDetectorsDynamicData/Data/Library/ColorPickers"
Error: 31/05/2016 [08:18:43] - No such file or directory: "/nfs/2015/s/scollon/Library/Containers/com.apple.DataDetectorsDynamicData/Data/Library/Application Support/iCloud"
Error: 31/05/2016 [08:18:44] - No such file or directory: "/nfs/2015/s/scollon/Library/Containers/com.apple.DataDetectorsDynamicData/Data/Library/Application Support/SyncServices"
Error: 31/05/2016 [08:18:44] - No such file or directory: "/nfs/2015/s/scollon/Library/Containers/com.apple.DataDetectorsDynamicData/Data/Library/Fonts"
Error: 31/05/2016 [08:18:44] - No such file or directory: "/nfs/2015/s/scollon/Library/Containers/com.apple.DataDetectorsDynamicData/Data/Library/Compositions"
Error: 31/05/2016 [08:18:44] - No such file or directory: "/nfs/2015/s/scollon/Library/Containers/com.apple.DataDetectorsDynamicData/Data/Library/Components"
Error: 31/05/2016 [08:18:44] - No such file or directory: "/nfs/2015/s/scollon/Library/Containers/com.apple.DataDetectorsDynamicData/Data/Library/Application Scripts/com.apple.DataDetectorsDynamicData"
Error: 31/05/2016 [08:18:45] - No such file or directory: "/nfs/2015/s/scollon/Library/Containers/com.apple.DataDetectorsDynamicData/Data/Library/Preferences/pbs.plist"
Error: 31/05/2016 [08:18:45] - No such file or directory: "/nfs/2015/s/scollon/Library/Containers/com.apple.DataDetectorsDynamicData/Data/Library/Preferences/com.apple.LaunchServices.plist"
Error: 31/05/2016 [08:18:45] - No such file or directory: "/nfs/2015/s/scollon/Library/Containers/com.apple.DataDetectorsDynamicData/Data/Library/Preferences/com.apple.coremedia.plist"
Error: 31/05/2016 [08:18:45] - No such file or directory: "/nfs/2015/s/scollon/Library/Containers/com.apple.DataDetectorsDynamicData/Data/Library/Preferences/com.apple.corevideo.plist"
Error: 31/05/2016 [08:18:46] - No such file or directory: "/nfs/2015/s/scollon/Library/Containers/com.apple.DataDetectorsDynamicData/Data/Library/Preferences/com.apple.security_common.plist"
Error: 31/05/2016 [08:18:46] - No such file or directory: "/nfs/2015/s/scollon/Library/Containers/com.apple.DataDetectorsDynamicData/Data/Library/Preferences/com.nvidia.OpenGL.plist"
Error: 31/05/2016 [08:18:46] - No such file or directory: "/nfs/2015/s/scollon/Library/Containers/com.apple.DataDetectorsDynamicData/Data/Library/Preferences/com.apple.speech.synthesis.general.prefs.plist"
Error: 31/05/2016 [08:18:46] - No such file or directory: "/nfs/2015/s/scollon/Library/Containers/com.apple.DataDetectorsDynamicData/Data/Library/Preferences/com.apple.cmio.plist"
Error: 31/05/2016 [08:18:46] - No such file or directory: "/nfs/2015/s/scollon/Library/Containers/com.apple.DataDetectorsDynamicData/Data/Library/Preferences/com.apple.cmio.plist"
Error: 31/05/2016 [08:19:00] - No such file or directory: "//Applications/Adobe InDesign CC 2015/Presets/presets"
Error: 31/05/2016 [11:16:55] - malloc() failed
Error: 31/05/2016 [11:16:57] - malloc() failed
Error: 31/05/2016 [11:17:17] - malloc() failed
Error: 31/05/2016 [11:35:40] - No such file or directory: "/nfs/2015/s/scollon/Library/Containers/com.apple.appstore.PluginXPCService/Data/Documents/iChats"
Error: 31/05/2016 [11:35:40] - No such file or directory: "/nfs/2015/s/scollon/Library/Containers/com.apple.appstore.PluginXPCService/Data/Library/KeyBindings"
Error: 31/05/2016 [11:35:40] - No such file or directory: "/nfs/2015/s/scollon/Library/Containers/com.apple.appstore.PluginXPCService/Data/Library/Input Methods"
Error: 31/05/2016 [11:35:40] - No such file or directory: "/nfs/2015/s/scollon/Library/Containers/com.apple.appstore.PluginXPCService/Data/Library/Images/People"
Error: 31/05/2016 [11:35:40] - No such file or directory: "/nfs/2015/s/scollon/Library/Containers/com.apple.appstore.PluginXPCService/Data/Library/ColorPickers"
Error: 31/05/2016 [11:35:41] - No such file or directory: "/nfs/2015/s/scollon/Library/Containers/com.apple.appstore.PluginXPCService/Data/Library/Application Support/iCloud"
Error: 31/05/2016 [11:35:41] - No such file or directory: "/nfs/2015/s/scollon/Library/Containers/com.apple.appstore.PluginXPCService/Data/Library/Application Support/iCloud"
